2017-12-08 17:22:14.057  INFO 15040 --- [restartedMain] com.honva.Application                    : Starting Application on LAPTOP-BRKMER7V with PID 15040 (E:\WorkPlace\SpringBoot\springboot\target\classes started by admin in E:\WorkPlace\SpringBoot\springboot)
2017-12-08 17:22:14.058  INFO 15040 --- [restartedMain] com.honva.Application                    : No active profile set, falling back to default profiles: default
2017-12-08 17:22:14.060  INFO 15040 --- [restartedMain] ationConfigEmbeddedWebApplicationContext : Refreshing org.springframework.boot.context.embedded.AnnotationConfigEmbeddedWebApplicationContext@5eedd4a5: startup date [Fri Dec 08 17:22:14 CST 2017]; root of context hierarchy
2017-12-08 17:22:14.242  INFO 15040 --- [restartedMain] s.b.c.e.t.TomcatEmbeddedServletContainer : Tomcat initialized with port(s): 8080 (http)
2017-12-08 17:22:14.243  INFO 15040 --- [restartedMain] o.apache.catalina.core.StandardService   : Starting service [Tomcat]
2017-12-08 17:22:14.243  INFO 15040 --- [restartedMain] org.apache.catalina.core.StandardEngine  : Starting Servlet Engine: Apache Tomcat/8.5.23
2017-12-08 17:22:14.254  INFO 15040 --- [localhost-startStop-1] o.a.c.c.C.[Tomcat].[localhost].[/]       : Initializing Spring embedded WebApplicationContext
2017-12-08 17:22:14.255  INFO 15040 --- [localhost-startStop-1] o.s.web.context.ContextLoader            : Root WebApplicationContext: initialization completed in 194 ms
2017-12-08 17:22:14.272  INFO 15040 --- [localhost-startStop-1] o.s.b.w.servlet.FilterRegistrationBean   : Mapping filter: 'characterEncodingFilter' to: [/*]
2017-12-08 17:22:14.272  INFO 15040 --- [localhost-startStop-1] o.s.b.w.servlet.FilterRegistrationBean   : Mapping filter: 'hiddenHttpMethodFilter' to: [/*]
2017-12-08 17:22:14.272  INFO 15040 --- [localhost-startStop-1] o.s.b.w.servlet.FilterRegistrationBean   : Mapping filter: 'httpPutFormContentFilter' to: [/*]
2017-12-08 17:22:14.272  INFO 15040 --- [localhost-startStop-1] o.s.b.w.servlet.FilterRegistrationBean   : Mapping filter: 'requestContextFilter' to: [/*]
2017-12-08 17:22:14.272  INFO 15040 --- [localhost-startStop-1] o.s.b.w.servlet.FilterRegistrationBean   : Mapping filter: 'MyFilter' to urls: [/*]
2017-12-08 17:22:14.272  INFO 15040 --- [localhost-startStop-1] o.s.b.w.servlet.FilterRegistrationBean   : Mapping filter: 'remoteIpFilter' to: [/*]
2017-12-08 17:22:14.272  INFO 15040 --- [localhost-startStop-1] o.s.b.w.servlet.ServletRegistrationBean  : Mapping servlet: 'dispatcherServlet' to [/]
2017-12-08 17:22:14.317  INFO 15040 --- [restartedMain] s.w.s.m.m.a.RequestMappingHandlerAdapter : Looking for @ControllerAdvice: org.springframework.boot.context.embedded.AnnotationConfigEmbeddedWebApplicationContext@5eedd4a5: startup date [Fri Dec 08 17:22:14 CST 2017]; root of context hierarchy
2017-12-08 17:22:14.320  INFO 15040 --- [restartedMain] s.w.s.m.m.a.RequestMappingHandlerMapping : Mapped "{[/hello]}" onto public java.lang.String com.honva.controller.HelloController.hello()
2017-12-08 17:22:14.320  INFO 15040 --- [restartedMain] s.w.s.m.m.a.RequestMappingHandlerMapping : Mapped "{[/getPerson]}" onto public com.honva.entity.Person com.honva.controller.HelloController.getPerson()
2017-12-08 17:22:14.321  INFO 15040 --- [restartedMain] s.w.s.m.m.a.RequestMappingHandlerMapping : Mapped "{[/error]}" onto public org.springframework.http.ResponseEntity<java.util.Map<java.lang.String, java.lang.Object>> org.springframework.boot.autoconfigure.web.BasicErrorController.error(javax.servlet.http.HttpServletRequest)
2017-12-08 17:22:14.321  INFO 15040 --- [restartedMain] s.w.s.m.m.a.RequestMappingHandlerMapping : Mapped "{[/error],produces=[text/html]}" onto public org.springframework.web.servlet.ModelAndView org.springframework.boot.autoconfigure.web.BasicErrorController.errorHtml(javax.servlet.http.HttpServletRequest,javax.servlet.http.HttpServletResponse)
2017-12-08 17:22:14.323  INFO 15040 --- [restartedMain] o.s.w.s.handler.SimpleUrlHandlerMapping  : Mapped URL path [/webjars/**] onto handler of type [class org.springframework.web.servlet.resource.ResourceHttpRequestHandler]
2017-12-08 17:22:14.323  INFO 15040 --- [restartedMain] o.s.w.s.handler.SimpleUrlHandlerMapping  : Mapped URL path [/**] onto handler of type [class org.springframework.web.servlet.resource.ResourceHttpRequestHandler]
2017-12-08 17:22:14.328  INFO 15040 --- [restartedMain] o.s.w.s.handler.SimpleUrlHandlerMapping  : Mapped URL path [/**/favicon.ico] onto handler of type [class org.springframework.web.servlet.resource.ResourceHttpRequestHandler]
2017-12-08 17:22:14.341  INFO 15040 --- [restartedMain] o.s.b.d.a.OptionalLiveReloadServer       : LiveReload server is running on port 35729
2017-12-08 17:22:14.360  INFO 15040 --- [restartedMain] o.s.j.e.a.AnnotationMBeanExporter        : Registering beans for JMX exposure on startup
2017-12-08 17:22:14.367  INFO 15040 --- [restartedMain] s.b.c.e.t.TomcatEmbeddedServletContainer : Tomcat started on port(s): 8080 (http)
2017-12-08 17:22:14.368  INFO 15040 --- [restartedMain] com.honva.Application                    : Started Application in 0.332 seconds (JVM running for 1300.084)
2017-12-08 17:23:27.917  INFO 15040 --- [Thread-34] ationConfigEmbeddedWebApplicationContext : Closing org.springframework.boot.context.embedded.AnnotationConfigEmbeddedWebApplicationContext@5eedd4a5: startup date [Fri Dec 08 17:22:14 CST 2017]; root of context hierarchy
2017-12-08 17:23:27.918  INFO 15040 --- [Thread-34] o.s.j.e.a.AnnotationMBeanExporter        : Unregistering JMX-exposed beans on shutdown
2017-12-08 17:23:28.192  INFO 15040 --- [restartedMain] com.honva.Application                    : Starting Application on LAPTOP-BRKMER7V with PID 15040 (E:\WorkPlace\SpringBoot\springboot\target\classes started by admin in E:\WorkPlace\SpringBoot\springboot)
2017-12-08 17:23:28.192  INFO 15040 --- [restartedMain] com.honva.Application                    : No active profile set, falling back to default profiles: default
2017-12-08 17:23:28.193  INFO 15040 --- [restartedMain] ationConfigEmbeddedWebApplicationContext : Refreshing org.springframework.boot.context.embedded.AnnotationConfigEmbeddedWebApplicationContext@1fb1311a: startup date [Fri Dec 08 17:23:28 CST 2017]; root of context hierarchy
2017-12-08 17:23:28.395  INFO 15040 --- [restartedMain] s.b.c.e.t.TomcatEmbeddedServletContainer : Tomcat initialized with port(s): 8080 (http)
2017-12-08 17:23:28.396  INFO 15040 --- [restartedMain] o.apache.catalina.core.StandardService   : Starting service [Tomcat]
2017-12-08 17:23:28.396  INFO 15040 --- [restartedMain] org.apache.catalina.core.StandardEngine  : Starting Servlet Engine: Apache Tomcat/8.5.23
2017-12-08 17:23:28.416  INFO 15040 --- [localhost-startStop-1] o.a.c.c.C.[Tomcat].[localhost].[/]       : Initializing Spring embedded WebApplicationContext
2017-12-08 17:23:28.417  INFO 15040 --- [localhost-startStop-1] o.s.web.context.ContextLoader            : Root WebApplicationContext: initialization completed in 224 ms
2017-12-08 17:23:28.441  INFO 15040 --- [localhost-startStop-1] o.s.b.w.servlet.FilterRegistrationBean   : Mapping filter: 'characterEncodingFilter' to: [/*]
2017-12-08 17:23:28.442  INFO 15040 --- [localhost-startStop-1] o.s.b.w.servlet.FilterRegistrationBean   : Mapping filter: 'hiddenHttpMethodFilter' to: [/*]
2017-12-08 17:23:28.442  INFO 15040 --- [localhost-startStop-1] o.s.b.w.servlet.FilterRegistrationBean   : Mapping filter: 'httpPutFormContentFilter' to: [/*]
2017-12-08 17:23:28.442  INFO 15040 --- [localhost-startStop-1] o.s.b.w.servlet.FilterRegistrationBean   : Mapping filter: 'requestContextFilter' to: [/*]
2017-12-08 17:23:28.442  INFO 15040 --- [localhost-startStop-1] o.s.b.w.servlet.FilterRegistrationBean   : Mapping filter: 'MyFilter' to urls: [/*]
2017-12-08 17:23:28.442  INFO 15040 --- [localhost-startStop-1] o.s.b.w.servlet.FilterRegistrationBean   : Mapping filter: 'remoteIpFilter' to: [/*]
2017-12-08 17:23:28.442  INFO 15040 --- [localhost-startStop-1] o.s.b.w.servlet.ServletRegistrationBean  : Mapping servlet: 'dispatcherServlet' to [/]
2017-12-08 17:23:28.508  INFO 15040 --- [restartedMain] s.w.s.m.m.a.RequestMappingHandlerAdapter : Looking for @ControllerAdvice: org.springframework.boot.context.embedded.AnnotationConfigEmbeddedWebApplicationContext@1fb1311a: startup date [Fri Dec 08 17:23:28 CST 2017]; root of context hierarchy
2017-12-08 17:23:28.513  INFO 15040 --- [restartedMain] s.w.s.m.m.a.RequestMappingHandlerMapping : Mapped "{[/hello]}" onto public java.lang.String com.honva.controller.HelloController.hello()
2017-12-08 17:23:28.513  INFO 15040 --- [restartedMain] s.w.s.m.m.a.RequestMappingHandlerMapping : Mapped "{[/getPerson]}" onto public com.honva.entity.Person com.honva.controller.HelloController.getPerson()
2017-12-08 17:23:28.514  INFO 15040 --- [restartedMain] s.w.s.m.m.a.RequestMappingHandlerMapping : Mapped "{[/error]}" onto public org.springframework.http.ResponseEntity<java.util.Map<java.lang.String, java.lang.Object>> org.springframework.boot.autoconfigure.web.BasicErrorController.error(javax.servlet.http.HttpServletRequest)
2017-12-08 17:23:28.514  INFO 15040 --- [restartedMain] s.w.s.m.m.a.RequestMappingHandlerMapping : Mapped "{[/error],produces=[text/html]}" onto public org.springframework.web.servlet.ModelAndView org.springframework.boot.autoconfigure.web.BasicErrorController.errorHtml(javax.servlet.http.HttpServletRequest,javax.servlet.http.HttpServletResponse)
2017-12-08 17:23:28.517  INFO 15040 --- [restartedMain] o.s.w.s.handler.SimpleUrlHandlerMapping  : Mapped URL path [/webjars/**] onto handler of type [class org.springframework.web.servlet.resource.ResourceHttpRequestHandler]
2017-12-08 17:23:28.517  INFO 15040 --- [restartedMain] o.s.w.s.handler.SimpleUrlHandlerMapping  : Mapped URL path [/**] onto handler of type [class org.springframework.web.servlet.resource.ResourceHttpRequestHandler]
2017-12-08 17:23:28.523  INFO 15040 --- [restartedMain] o.s.w.s.handler.SimpleUrlHandlerMapping  : Mapped URL path [/**/favicon.ico] onto handler of type [class org.springframework.web.servlet.resource.ResourceHttpRequestHandler]
2017-12-08 17:23:28.566  INFO 15040 --- [restartedMain] o.s.b.d.a.OptionalLiveReloadServer       : LiveReload server is running on port 35729
2017-12-08 17:23:28.583  INFO 15040 --- [restartedMain] o.s.j.e.a.AnnotationMBeanExporter        : Registering beans for JMX exposure on startup
2017-12-08 17:23:28.591  INFO 15040 --- [restartedMain] s.b.c.e.t.TomcatEmbeddedServletContainer : Tomcat started on port(s): 8080 (http)
2017-12-08 17:23:28.593  INFO 15040 --- [restartedMain] com.honva.Application                    : Started Application in 0.425 seconds (JVM running for 1374.309)
2017-12-08 17:25:04.295  INFO 15040 --- [Thread-40] ationConfigEmbeddedWebApplicationContext : Closing org.springframework.boot.context.embedded.AnnotationConfigEmbeddedWebApplicationContext@1fb1311a: startup date [Fri Dec 08 17:23:28 CST 2017]; root of context hierarchy
2017-12-08 17:25:04.296  INFO 15040 --- [Thread-40] o.s.j.e.a.AnnotationMBeanExporter        : Unregistering JMX-exposed beans on shutdown
2017-12-08 17:25:04.771  INFO 15040 --- [restartedMain] com.honva.Application                    : Starting Application on LAPTOP-BRKMER7V with PID 15040 (E:\WorkPlace\SpringBoot\springboot\target\classes started by admin in E:\WorkPlace\SpringBoot\springboot)
2017-12-08 17:25:04.771  INFO 15040 --- [restartedMain] com.honva.Application                    : No active profile set, falling back to default profiles: default
2017-12-08 17:25:04.773  INFO 15040 --- [restartedMain] ationConfigEmbeddedWebApplicationContext : Refreshing org.springframework.boot.context.embedded.AnnotationConfigEmbeddedWebApplicationContext@6f85485d: startup date [Fri Dec 08 17:25:04 CST 2017]; root of context hierarchy
2017-12-08 17:25:05.231  INFO 15040 --- [restartedMain] s.b.c.e.t.TomcatEmbeddedServletContainer : Tomcat initialized with port(s): 8080 (http)
2017-12-08 17:25:05.232  INFO 15040 --- [restartedMain] o.apache.catalina.core.StandardService   : Starting service [Tomcat]
2017-12-08 17:25:05.232  INFO 15040 --- [restartedMain] org.apache.catalina.core.StandardEngine  : Starting Servlet Engine: Apache Tomcat/8.5.23
2017-12-08 17:25:05.304  INFO 15040 --- [localhost-startStop-1] o.a.c.c.C.[Tomcat].[localhost].[/]       : Initializing Spring embedded WebApplicationContext
2017-12-08 17:25:05.304  INFO 15040 --- [localhost-startStop-1] o.s.web.context.ContextLoader            : Root WebApplicationContext: initialization completed in 532 ms
2017-12-08 17:25:05.326  INFO 15040 --- [localhost-startStop-1] o.s.b.w.servlet.FilterRegistrationBean   : Mapping filter: 'characterEncodingFilter' to: [/*]
2017-12-08 17:25:05.326  INFO 15040 --- [localhost-startStop-1] o.s.b.w.servlet.FilterRegistrationBean   : Mapping filter: 'hiddenHttpMethodFilter' to: [/*]
2017-12-08 17:25:05.326  INFO 15040 --- [localhost-startStop-1] o.s.b.w.servlet.FilterRegistrationBean   : Mapping filter: 'httpPutFormContentFilter' to: [/*]
2017-12-08 17:25:05.326  INFO 15040 --- [localhost-startStop-1] o.s.b.w.servlet.FilterRegistrationBean   : Mapping filter: 'requestContextFilter' to: [/*]
2017-12-08 17:25:05.327  INFO 15040 --- [localhost-startStop-1] o.s.b.w.servlet.FilterRegistrationBean   : Mapping filter: 'MyFilter' to urls: [/*]
2017-12-08 17:25:05.327  INFO 15040 --- [localhost-startStop-1] o.s.b.w.servlet.FilterRegistrationBean   : Mapping filter: 'remoteIpFilter' to: [/*]
2017-12-08 17:25:05.327  INFO 15040 --- [localhost-startStop-1] o.s.b.w.servlet.ServletRegistrationBean  : Mapping servlet: 'dispatcherServlet' to [/]
2017-12-08 17:25:05.398  INFO 15040 --- [restartedMain] s.w.s.m.m.a.RequestMappingHandlerAdapter : Looking for @ControllerAdvice: org.springframework.boot.context.embedded.AnnotationConfigEmbeddedWebApplicationContext@6f85485d: startup date [Fri Dec 08 17:25:04 CST 2017]; root of context hierarchy
2017-12-08 17:25:05.404  INFO 15040 --- [restartedMain] s.w.s.m.m.a.RequestMappingHandlerMapping : Mapped "{[/hello]}" onto public java.lang.String com.honva.controller.HelloController.hello()
2017-12-08 17:25:05.404  INFO 15040 --- [restartedMain] s.w.s.m.m.a.RequestMappingHandlerMapping : Mapped "{[/getPerson]}" onto public com.honva.entity.Person com.honva.controller.HelloController.getPerson()
2017-12-08 17:25:05.405  INFO 15040 --- [restartedMain] s.w.s.m.m.a.RequestMappingHandlerMapping : Mapped "{[/error]}" onto public org.springframework.http.ResponseEntity<java.util.Map<java.lang.String, java.lang.Object>> org.springframework.boot.autoconfigure.web.BasicErrorController.error(javax.servlet.http.HttpServletRequest)
2017-12-08 17:25:05.406  INFO 15040 --- [restartedMain] s.w.s.m.m.a.RequestMappingHandlerMapping : Mapped "{[/error],produces=[text/html]}" onto public org.springframework.web.servlet.ModelAndView org.springframework.boot.autoconfigure.web.BasicErrorController.errorHtml(javax.servlet.http.HttpServletRequest,javax.servlet.http.HttpServletResponse)
2017-12-08 17:25:05.408  INFO 15040 --- [restartedMain] o.s.w.s.handler.SimpleUrlHandlerMapping  : Mapped URL path [/webjars/**] onto handler of type [class org.springframework.web.servlet.resource.ResourceHttpRequestHandler]
2017-12-08 17:25:05.409  INFO 15040 --- [restartedMain] o.s.w.s.handler.SimpleUrlHandlerMapping  : Mapped URL path [/**] onto handler of type [class org.springframework.web.servlet.resource.ResourceHttpRequestHandler]
2017-12-08 17:25:05.417  INFO 15040 --- [restartedMain] o.s.w.s.handler.SimpleUrlHandlerMapping  : Mapped URL path [/**/favicon.ico] onto handler of type [class org.springframework.web.servlet.resource.ResourceHttpRequestHandler]
2017-12-08 17:25:05.463  INFO 15040 --- [restartedMain] o.s.b.d.a.OptionalLiveReloadServer       : LiveReload server is running on port 35729
2017-12-08 17:25:05.558  INFO 15040 --- [restartedMain] o.s.j.e.a.AnnotationMBeanExporter        : Registering beans for JMX exposure on startup
2017-12-08 17:25:05.599  INFO 15040 --- [restartedMain] s.b.c.e.t.TomcatEmbeddedServletContainer : Tomcat started on port(s): 8080 (http)
2017-12-08 17:25:05.601  INFO 15040 --- [restartedMain] com.honva.Application                    : Started Application in 0.868 seconds (JVM running for 1471.317)
2017-12-08 17:25:33.004  INFO 15040 --- [Thread-46] ationConfigEmbeddedWebApplicationContext : Closing org.springframework.boot.context.embedded.AnnotationConfigEmbeddedWebApplicationContext@6f85485d: startup date [Fri Dec 08 17:25:04 CST 2017]; root of context hierarchy
2017-12-08 17:25:33.005  INFO 15040 --- [Thread-46] o.s.j.e.a.AnnotationMBeanExporter        : Unregistering JMX-exposed beans on shutdown
2017-12-08 17:25:33.336  INFO 15040 --- [restartedMain] com.honva.Application                    : Starting Application on LAPTOP-BRKMER7V with PID 15040 (E:\WorkPlace\SpringBoot\springboot\target\classes started by admin in E:\WorkPlace\SpringBoot\springboot)
2017-12-08 17:25:33.336  INFO 15040 --- [restartedMain] com.honva.Application                    : No active profile set, falling back to default profiles: default
2017-12-08 17:25:33.338  INFO 15040 --- [restartedMain] ationConfigEmbeddedWebApplicationContext : Refreshing org.springframework.boot.context.embedded.AnnotationConfigEmbeddedWebApplicationContext@2644a3ff: startup date [Fri Dec 08 17:25:33 CST 2017]; root of context hierarchy
2017-12-08 17:25:33.505  INFO 15040 --- [restartedMain] s.b.c.e.t.TomcatEmbeddedServletContainer : Tomcat initialized with port(s): 8080 (http)
2017-12-08 17:25:33.506  INFO 15040 --- [restartedMain] o.apache.catalina.core.StandardService   : Starting service [Tomcat]
2017-12-08 17:25:33.506  INFO 15040 --- [restartedMain] org.apache.catalina.core.StandardEngine  : Starting Servlet Engine: Apache Tomcat/8.5.23
2017-12-08 17:25:33.517  INFO 15040 --- [localhost-startStop-1] o.a.c.c.C.[Tomcat].[localhost].[/]       : Initializing Spring embedded WebApplicationContext
2017-12-08 17:25:33.518  INFO 15040 --- [localhost-startStop-1] o.s.web.context.ContextLoader            : Root WebApplicationContext: initialization completed in 180 ms
2017-12-08 17:25:33.535  INFO 15040 --- [localhost-startStop-1] o.s.b.w.servlet.FilterRegistrationBean   : Mapping filter: 'characterEncodingFilter' to: [/*]
2017-12-08 17:25:33.535  INFO 15040 --- [localhost-startStop-1] o.s.b.w.servlet.FilterRegistrationBean   : Mapping filter: 'hiddenHttpMethodFilter' to: [/*]
2017-12-08 17:25:33.535  INFO 15040 --- [localhost-startStop-1] o.s.b.w.servlet.FilterRegistrationBean   : Mapping filter: 'httpPutFormContentFilter' to: [/*]
2017-12-08 17:25:33.535  INFO 15040 --- [localhost-startStop-1] o.s.b.w.servlet.FilterRegistrationBean   : Mapping filter: 'requestContextFilter' to: [/*]
2017-12-08 17:25:33.535  INFO 15040 --- [localhost-startStop-1] o.s.b.w.servlet.FilterRegistrationBean   : Mapping filter: 'MyFilter' to urls: [/*]
2017-12-08 17:25:33.535  INFO 15040 --- [localhost-startStop-1] o.s.b.w.servlet.FilterRegistrationBean   : Mapping filter: 'remoteIpFilter' to: [/*]
2017-12-08 17:25:33.536  INFO 15040 --- [localhost-startStop-1] o.s.b.w.servlet.ServletRegistrationBean  : Mapping servlet: 'dispatcherServlet' to [/]
2017-12-08 17:25:33.541  WARN 15040 --- [restartedMain] ationConfigEmbeddedWebApplicationContext : Exception encountered during context initialization - cancelling refresh attempt: org.springframework.beans.factory.BeanCreationException: Error creating bean with name 'helloController' defined in file [E:\WorkPlace\SpringBoot\springboot\target\classes\com\honva\controller\HelloController.class]: Instantiation of bean failed; nested exception is org.springframework.beans.BeanInstantiationException: Failed to instantiate [com.honva.controller.HelloController]: Constructor threw exception; nested exception is java.lang.Error: Unresolved compilation problem: 
	The import org.hibernate.validator.internal.util.logging.Log_ cannot be resolved

2017-12-08 17:25:33.542  INFO 15040 --- [restartedMain] o.apache.catalina.core.StandardService   : Stopping service [Tomcat]
2017-12-08 17:25:33.549  INFO 15040 --- [restartedMain] utoConfigurationReportLoggingInitializer : 

Error starting ApplicationContext. To display the auto-configuration report re-run your application with 'debug' enabled.
2017-12-08 17:25:33.553 ERROR 15040 --- [restartedMain] o.s.boot.SpringApplication               : Application startup failed

org.springframework.beans.factory.BeanCreationException: Error creating bean with name 'helloController' defined in file [E:\WorkPlace\SpringBoot\springboot\target\classes\com\honva\controller\HelloController.class]: Instantiation of bean failed; nested exception is org.springframework.beans.BeanInstantiationException: Failed to instantiate [com.honva.controller.HelloController]: Constructor threw exception; nested exception is java.lang.Error: Unresolved compilation problem: 
	The import org.hibernate.validator.internal.util.logging.Log_ cannot be resolved

	at org.springframework.beans.factory.support.AbstractAutowireCapableBeanFactory.instantiateBean(AbstractAutowireCapableBeanFactory.java:1155) ~[spring-beans-4.3.13.RELEASE.jar:4.3.13.RELEASE]
	at org.springframework.beans.factory.support.AbstractAutowireCapableBeanFactory.createBeanInstance(AbstractAutowireCapableBeanFactory.java:1099) ~[spring-beans-4.3.13.RELEASE.jar:4.3.13.RELEASE]
	at org.springframework.beans.factory.support.AbstractAutowireCapableBeanFactory.doCreateBean(AbstractAutowireCapableBeanFactory.java:513) ~[spring-beans-4.3.13.RELEASE.jar:4.3.13.RELEASE]
	at org.springframework.beans.factory.support.AbstractAutowireCapableBeanFactory.createBean(AbstractAutowireCapableBeanFactory.java:483) ~[spring-beans-4.3.13.RELEASE.jar:4.3.13.RELEASE]
	at org.springframework.beans.factory.support.AbstractBeanFactory$1.getObject(AbstractBeanFactory.java:306) ~[spring-beans-4.3.13.RELEASE.jar:4.3.13.RELEASE]
	at org.springframework.beans.factory.support.DefaultSingletonBeanRegistry.getSingleton(DefaultSingletonBeanRegistry.java:230) ~[spring-beans-4.3.13.RELEASE.jar:4.3.13.RELEASE]
	at org.springframework.beans.factory.support.AbstractBeanFactory.doGetBean(AbstractBeanFactory.java:302) ~[spring-beans-4.3.13.RELEASE.jar:4.3.13.RELEASE]
	at org.springframework.beans.factory.support.AbstractBeanFactory.getBean(AbstractBeanFactory.java:197) ~[spring-beans-4.3.13.RELEASE.jar:4.3.13.RELEASE]
	at org.springframework.beans.factory.support.DefaultListableBeanFactory.preInstantiateSingletons(DefaultListableBeanFactory.java:761) ~[spring-beans-4.3.13.RELEASE.jar:4.3.13.RELEASE]
	at org.springframework.context.support.AbstractApplicationContext.finishBeanFactoryInitialization(AbstractApplicationContext.java:867) ~[spring-context-4.3.13.RELEASE.jar:4.3.13.RELEASE]
	at org.springframework.context.support.AbstractApplicationContext.refresh(AbstractApplicationContext.java:543) ~[spring-context-4.3.13.RELEASE.jar:4.3.13.RELEASE]
	at org.springframework.boot.context.embedded.EmbeddedWebApplicationContext.refresh(EmbeddedWebApplicationContext.java:122) ~[spring-boot-1.5.9.RELEASE.jar:1.5.9.RELEASE]
	at org.springframework.boot.SpringApplication.refresh(SpringApplication.java:693) [spring-boot-1.5.9.RELEASE.jar:1.5.9.RELEASE]
	at org.springframework.boot.SpringApplication.refreshContext(SpringApplication.java:360) [spring-boot-1.5.9.RELEASE.jar:1.5.9.RELEASE]
	at org.springframework.boot.SpringApplication.run(SpringApplication.java:303) [spring-boot-1.5.9.RELEASE.jar:1.5.9.RELEASE]
	at org.springframework.boot.SpringApplication.run(SpringApplication.java:1118) [spring-boot-1.5.9.RELEASE.jar:1.5.9.RELEASE]
	at org.springframework.boot.SpringApplication.run(SpringApplication.java:1107) [spring-boot-1.5.9.RELEASE.jar:1.5.9.RELEASE]
	at com.honva.Application.main(Application.java:13) [classes/:na]
	at sun.reflect.NativeMethodAccessorImpl.invoke0(Native Method) ~[na:1.8.0_141]
	at sun.reflect.NativeMethodAccessorImpl.invoke(NativeMethodAccessorImpl.java:62) ~[na:1.8.0_141]
	at sun.reflect.DelegatingMethodAccessorImpl.invoke(DelegatingMethodAccessorImpl.java:43) ~[na:1.8.0_141]
	at java.lang.reflect.Method.invoke(Method.java:498) ~[na:1.8.0_141]
	at org.springframework.boot.devtools.restart.RestartLauncher.run(RestartLauncher.java:49) [spring-boot-devtools-1.5.9.RELEASE.jar:1.5.9.RELEASE]
Caused by: org.springframework.beans.BeanInstantiationException: Failed to instantiate [com.honva.controller.HelloController]: Constructor threw exception; nested exception is java.lang.Error: Unresolved compilation problem: 
	The import org.hibernate.validator.internal.util.logging.Log_ cannot be resolved

	at org.springframework.beans.BeanUtils.instantiateClass(BeanUtils.java:154) ~[spring-beans-4.3.13.RELEASE.jar:4.3.13.RELEASE]
	at org.springframework.beans.factory.support.SimpleInstantiationStrategy.instantiate(SimpleInstantiationStrategy.java:89) ~[spring-beans-4.3.13.RELEASE.jar:4.3.13.RELEASE]
	at org.springframework.beans.factory.support.AbstractAutowireCapableBeanFactory.instantiateBean(AbstractAutowireCapableBeanFactory.java:1147) ~[spring-beans-4.3.13.RELEASE.jar:4.3.13.RELEASE]
	... 22 common frames omitted
Caused by: java.lang.Error: Unresolved compilation problem: 
	The import org.hibernate.validator.internal.util.logging.Log_ cannot be resolved

	at com.honva.controller.HelloController.<init>(HelloController.java:4) ~[classes/:na]
	at sun.reflect.NativeConstructorAccessorImpl.newInstance0(Native Method) ~[na:1.8.0_141]
	at sun.reflect.NativeConstructorAccessorImpl.newInstance(NativeConstructorAccessorImpl.java:62) ~[na:1.8.0_141]
	at sun.reflect.DelegatingConstructorAccessorImpl.newInstance(DelegatingConstructorAccessorImpl.java:45) ~[na:1.8.0_141]
	at java.lang.reflect.Constructor.newInstance(Constructor.java:423) ~[na:1.8.0_141]
	at org.springframework.beans.BeanUtils.instantiateClass(BeanUtils.java:142) ~[spring-beans-4.3.13.RELEASE.jar:4.3.13.RELEASE]
	... 24 common frames omitted

2017-12-08 17:26:20.072  INFO 15040 --- [restartedMain] com.honva.Application                    : Starting Application on LAPTOP-BRKMER7V with PID 15040 (E:\WorkPlace\SpringBoot\springboot\target\classes started by admin in E:\WorkPlace\SpringBoot\springboot)
2017-12-08 17:26:20.072  INFO 15040 --- [restartedMain] com.honva.Application                    : No active profile set, falling back to default profiles: default
2017-12-08 17:26:20.073  INFO 15040 --- [restartedMain] ationConfigEmbeddedWebApplicationContext : Refreshing org.springframework.boot.context.embedded.AnnotationConfigEmbeddedWebApplicationContext@52d61d13: startup date [Fri Dec 08 17:26:20 CST 2017]; root of context hierarchy
2017-12-08 17:26:20.247  INFO 15040 --- [restartedMain] s.b.c.e.t.TomcatEmbeddedServletContainer : Tomcat initialized with port(s): 8080 (http)
2017-12-08 17:26:20.247  INFO 15040 --- [restartedMain] o.apache.catalina.core.StandardService   : Starting service [Tomcat]
2017-12-08 17:26:20.247  INFO 15040 --- [restartedMain] org.apache.catalina.core.StandardEngine  : Starting Servlet Engine: Apache Tomcat/8.5.23
2017-12-08 17:26:20.258  INFO 15040 --- [localhost-startStop-1] o.a.c.c.C.[Tomcat-1].[localhost].[/]     : Initializing Spring embedded WebApplicationContext
2017-12-08 17:26:20.258  INFO 15040 --- [localhost-startStop-1] o.s.web.context.ContextLoader            : Root WebApplicationContext: initialization completed in 185 ms
2017-12-08 17:26:20.273  INFO 15040 --- [localhost-startStop-1] o.s.b.w.servlet.FilterRegistrationBean   : Mapping filter: 'characterEncodingFilter' to: [/*]
2017-12-08 17:26:20.273  INFO 15040 --- [localhost-startStop-1] o.s.b.w.servlet.FilterRegistrationBean   : Mapping filter: 'hiddenHttpMethodFilter' to: [/*]
2017-12-08 17:26:20.273  INFO 15040 --- [localhost-startStop-1] o.s.b.w.servlet.FilterRegistrationBean   : Mapping filter: 'httpPutFormContentFilter' to: [/*]
2017-12-08 17:26:20.273  INFO 15040 --- [localhost-startStop-1] o.s.b.w.servlet.FilterRegistrationBean   : Mapping filter: 'requestContextFilter' to: [/*]
2017-12-08 17:26:20.273  INFO 15040 --- [localhost-startStop-1] o.s.b.w.servlet.FilterRegistrationBean   : Mapping filter: 'MyFilter' to urls: [/*]
2017-12-08 17:26:20.273  INFO 15040 --- [localhost-startStop-1] o.s.b.w.servlet.FilterRegistrationBean   : Mapping filter: 'remoteIpFilter' to: [/*]
2017-12-08 17:26:20.273  INFO 15040 --- [localhost-startStop-1] o.s.b.w.servlet.ServletRegistrationBean  : Mapping servlet: 'dispatcherServlet' to [/]
2017-12-08 17:26:20.283  WARN 15040 --- [restartedMain] ationConfigEmbeddedWebApplicationContext : Exception encountered during context initialization - cancelling refresh attempt: org.springframework.beans.factory.UnsatisfiedDependencyException: Error creating bean with name 'helloController': Unsatisfied dependency expressed through field 'logger'; nested exception is org.springframework.beans.factory.NoSuchBeanDefinitionException: No qualifying bean of type 'org.apache.log4j.Logger' available: expected at least 1 bean which qualifies as autowire candidate. Dependency annotations: {@org.springframework.beans.factory.annotation.Autowired(required=true)}
2017-12-08 17:26:20.284  INFO 15040 --- [restartedMain] o.apache.catalina.core.StandardService   : Stopping service [Tomcat]
2017-12-08 17:26:20.288  INFO 15040 --- [restartedMain] utoConfigurationReportLoggingInitializer : 

Error starting ApplicationContext. To display the auto-configuration report re-run your application with 'debug' enabled.
2017-12-08 17:26:20.343 ERROR 15040 --- [restartedMain] o.s.b.d.LoggingFailureAnalysisReporter   : 

***************************
APPLICATION FAILED TO START
***************************

Description:

Field logger in com.honva.controller.HelloController required a bean of type 'org.apache.log4j.Logger' that could not be found.


Action:

Consider defining a bean of type 'org.apache.log4j.Logger' in your configuration.

2017-12-08 17:27:43.636  INFO 5640 --- [restartedMain] com.honva.Application                    : Starting Application on LAPTOP-BRKMER7V with PID 5640 (E:\WorkPlace\SpringBoot\springboot\target\classes started by admin in E:\WorkPlace\SpringBoot\springboot)
2017-12-08 17:27:43.638  INFO 5640 --- [restartedMain] com.honva.Application                    : No active profile set, falling back to default profiles: default
2017-12-08 17:27:43.688  INFO 5640 --- [restartedMain] ationConfigEmbeddedWebApplicationContext : Refreshing org.springframework.boot.context.embedded.AnnotationConfigEmbeddedWebApplicationContext@21563c58: startup date [Fri Dec 08 17:27:43 CST 2017]; root of context hierarchy
2017-12-08 17:27:44.972  INFO 5640 --- [restartedMain] s.b.c.e.t.TomcatEmbeddedServletContainer : Tomcat initialized with port(s): 8080 (http)
2017-12-08 17:27:44.982  INFO 5640 --- [restartedMain] o.apache.catalina.core.StandardService   : Starting service [Tomcat]
2017-12-08 17:27:44.983  INFO 5640 --- [restartedMain] org.apache.catalina.core.StandardEngine  : Starting Servlet Engine: Apache Tomcat/8.5.23
2017-12-08 17:27:45.068  INFO 5640 --- [localhost-startStop-1] o.a.c.c.C.[Tomcat].[localhost].[/]       : Initializing Spring embedded WebApplicationContext
2017-12-08 17:27:45.069  INFO 5640 --- [localhost-startStop-1] o.s.web.context.ContextLoader            : Root WebApplicationContext: initialization completed in 1384 ms
2017-12-08 17:27:45.230  INFO 5640 --- [localhost-startStop-1] o.s.b.w.servlet.FilterRegistrationBean   : Mapping filter: 'characterEncodingFilter' to: [/*]
2017-12-08 17:27:45.231  INFO 5640 --- [localhost-startStop-1] o.s.b.w.servlet.FilterRegistrationBean   : Mapping filter: 'hiddenHttpMethodFilter' to: [/*]
2017-12-08 17:27:45.231  INFO 5640 --- [localhost-startStop-1] o.s.b.w.servlet.FilterRegistrationBean   : Mapping filter: 'httpPutFormContentFilter' to: [/*]
2017-12-08 17:27:45.231  INFO 5640 --- [localhost-startStop-1] o.s.b.w.servlet.FilterRegistrationBean   : Mapping filter: 'requestContextFilter' to: [/*]
2017-12-08 17:27:45.231  INFO 5640 --- [localhost-startStop-1] o.s.b.w.servlet.FilterRegistrationBean   : Mapping filter: 'MyFilter' to urls: [/*]
2017-12-08 17:27:45.231  INFO 5640 --- [localhost-startStop-1] o.s.b.w.servlet.FilterRegistrationBean   : Mapping filter: 'remoteIpFilter' to: [/*]
2017-12-08 17:27:45.231  INFO 5640 --- [localhost-startStop-1] o.s.b.w.servlet.ServletRegistrationBean  : Mapping servlet: 'dispatcherServlet' to [/]
2017-12-08 17:27:45.331  WARN 5640 --- [restartedMain] ationConfigEmbeddedWebApplicationContext : Exception encountered during context initialization - cancelling refresh attempt: org.springframework.beans.factory.UnsatisfiedDependencyException: Error creating bean with name 'helloController': Unsatisfied dependency expressed through field 'logger'; nested exception is org.springframework.beans.factory.NoSuchBeanDefinitionException: No qualifying bean of type 'org.apache.log4j.Logger' available: expected at least 1 bean which qualifies as autowire candidate. Dependency annotations: {@org.springframework.beans.factory.annotation.Autowired(required=true)}
2017-12-08 17:27:45.333  INFO 5640 --- [restartedMain] o.apache.catalina.core.StandardService   : Stopping service [Tomcat]
2017-12-08 17:27:45.347  INFO 5640 --- [restartedMain] utoConfigurationReportLoggingInitializer : 

Error starting ApplicationContext. To display the auto-configuration report re-run your application with 'debug' enabled.
2017-12-08 17:27:45.495 ERROR 5640 --- [restartedMain] o.s.b.d.LoggingFailureAnalysisReporter   : 

***************************
APPLICATION FAILED TO START
***************************

Description:

Field logger in com.honva.controller.HelloController required a bean of type 'org.apache.log4j.Logger' that could not be found.


Action:

Consider defining a bean of type 'org.apache.log4j.Logger' in your configuration.

2017-12-08 17:48:27.234  INFO 1896 --- [restartedMain] com.honva.Application                    : Starting Application on LAPTOP-BRKMER7V with PID 1896 (E:\WorkPlace\SpringBoot\springboot\target\classes started by admin in E:\WorkPlace\SpringBoot\springboot)
2017-12-08 17:48:27.235  INFO 1896 --- [restartedMain] com.honva.Application                    : No active profile set, falling back to default profiles: default
2017-12-08 17:48:27.276  INFO 1896 --- [restartedMain] ationConfigEmbeddedWebApplicationContext : Refreshing org.springframework.boot.context.embedded.AnnotationConfigEmbeddedWebApplicationContext@668d450e: startup date [Fri Dec 08 17:48:27 CST 2017]; root of context hierarchy
2017-12-08 17:48:28.308  INFO 1896 --- [restartedMain] s.b.c.e.t.TomcatEmbeddedServletContainer : Tomcat initialized with port(s): 8080 (http)
2017-12-08 17:48:28.319  INFO 1896 --- [restartedMain] o.apache.catalina.core.StandardService   : Starting service [Tomcat]
2017-12-08 17:48:28.320  INFO 1896 --- [restartedMain] org.apache.catalina.core.StandardEngine  : Starting Servlet Engine: Apache Tomcat/8.5.23
2017-12-08 17:48:28.392  INFO 1896 --- [localhost-startStop-1] o.a.c.c.C.[Tomcat].[localhost].[/]       : Initializing Spring embedded WebApplicationContext
2017-12-08 17:48:28.392  INFO 1896 --- [localhost-startStop-1] o.s.web.context.ContextLoader            : Root WebApplicationContext: initialization completed in 1118 ms
2017-12-08 17:48:28.511  INFO 1896 --- [localhost-startStop-1] o.s.b.w.servlet.FilterRegistrationBean   : Mapping filter: 'characterEncodingFilter' to: [/*]
2017-12-08 17:48:28.512  INFO 1896 --- [localhost-startStop-1] o.s.b.w.servlet.FilterRegistrationBean   : Mapping filter: 'hiddenHttpMethodFilter' to: [/*]
2017-12-08 17:48:28.512  INFO 1896 --- [localhost-startStop-1] o.s.b.w.servlet.FilterRegistrationBean   : Mapping filter: 'httpPutFormContentFilter' to: [/*]
2017-12-08 17:48:28.512  INFO 1896 --- [localhost-startStop-1] o.s.b.w.servlet.FilterRegistrationBean   : Mapping filter: 'requestContextFilter' to: [/*]
2017-12-08 17:48:28.513  INFO 1896 --- [localhost-startStop-1] o.s.b.w.servlet.FilterRegistrationBean   : Mapping filter: 'MyFilter' to urls: [/*]
2017-12-08 17:48:28.514  INFO 1896 --- [localhost-startStop-1] o.s.b.w.servlet.FilterRegistrationBean   : Mapping filter: 'remoteIpFilter' to: [/*]
2017-12-08 17:48:28.514  INFO 1896 --- [localhost-startStop-1] o.s.b.w.servlet.ServletRegistrationBean  : Mapping servlet: 'dispatcherServlet' to [/]
2017-12-08 17:48:28.781  INFO 1896 --- [restartedMain] s.w.s.m.m.a.RequestMappingHandlerAdapter : Looking for @ControllerAdvice: org.springframework.boot.context.embedded.AnnotationConfigEmbeddedWebApplicationContext@668d450e: startup date [Fri Dec 08 17:48:27 CST 2017]; root of context hierarchy
2017-12-08 17:48:28.826  INFO 1896 --- [restartedMain] s.w.s.m.m.a.RequestMappingHandlerMapping : Mapped "{[/getPerson]}" onto public com.honva.entity.Person com.honva.controller.HelloController.getPerson()
2017-12-08 17:48:28.827  INFO 1896 --- [restartedMain] s.w.s.m.m.a.RequestMappingHandlerMapping : Mapped "{[/hello]}" onto public java.lang.String com.honva.controller.HelloController.hello()
2017-12-08 17:48:28.829  INFO 1896 --- [restartedMain] s.w.s.m.m.a.RequestMappingHandlerMapping : Mapped "{[/error]}" onto public org.springframework.http.ResponseEntity<java.util.Map<java.lang.String, java.lang.Object>> org.springframework.boot.autoconfigure.web.BasicErrorController.error(javax.servlet.http.HttpServletRequest)
2017-12-08 17:48:28.830  INFO 1896 --- [restartedMain] s.w.s.m.m.a.RequestMappingHandlerMapping : Mapped "{[/error],produces=[text/html]}" onto public org.springframework.web.servlet.ModelAndView org.springframework.boot.autoconfigure.web.BasicErrorController.errorHtml(javax.servlet.http.HttpServletRequest,javax.servlet.http.HttpServletResponse)
2017-12-08 17:48:28.850  INFO 1896 --- [restartedMain] o.s.w.s.handler.SimpleUrlHandlerMapping  : Mapped URL path [/webjars/**] onto handler of type [class org.springframework.web.servlet.resource.ResourceHttpRequestHandler]
2017-12-08 17:48:28.851  INFO 1896 --- [restartedMain] o.s.w.s.handler.SimpleUrlHandlerMapping  : Mapped URL path [/**] onto handler of type [class org.springframework.web.servlet.resource.ResourceHttpRequestHandler]
2017-12-08 17:48:28.876  INFO 1896 --- [restartedMain] o.s.w.s.handler.SimpleUrlHandlerMapping  : Mapped URL path [/**/favicon.ico] onto handler of type [class org.springframework.web.servlet.resource.ResourceHttpRequestHandler]
2017-12-08 17:48:28.967  INFO 1896 --- [restartedMain] o.s.b.d.a.OptionalLiveReloadServer       : LiveReload server is running on port 35729
2017-12-08 17:48:29.006  INFO 1896 --- [restartedMain] o.s.j.e.a.AnnotationMBeanExporter        : Registering beans for JMX exposure on startup
2017-12-08 17:48:29.048  INFO 1896 --- [restartedMain] s.b.c.e.t.TomcatEmbeddedServletContainer : Tomcat started on port(s): 8080 (http)
2017-12-08 17:48:29.051  INFO 1896 --- [restartedMain] com.honva.Application                    : Started Application in 2.004 seconds (JVM running for 2.799)
2017-12-08 17:48:53.352  INFO 1896 --- [RMI TCP Connection(2)-192.168.202.1] inMXBeanRegistrar$SpringApplicationAdmin : Application shutdown requested.
2017-12-08 17:48:53.353  INFO 1896 --- [RMI TCP Connection(2)-192.168.202.1] ationConfigEmbeddedWebApplicationContext : Closing org.springframework.boot.context.embedded.AnnotationConfigEmbeddedWebApplicationContext@668d450e: startup date [Fri Dec 08 17:48:27 CST 2017]; root of context hierarchy
2017-12-08 17:48:53.354  INFO 1896 --- [RMI TCP Connection(2)-192.168.202.1] o.s.j.e.a.AnnotationMBeanExporter        : Unregistering JMX-exposed beans on shutdown
