2017-12-08 17:08:48.035  INFO 15040 --- [restartedMain] com.honva.Application                    : Starting Application on LAPTOP-BRKMER7V with PID 15040 (E:\WorkPlace\SpringBoot\springboot\target\classes started by admin in E:\WorkPlace\SpringBoot\springboot)
2017-12-08 17:08:48.036  INFO 15040 --- [restartedMain] com.honva.Application                    : No active profile set, falling back to default profiles: default
2017-12-08 17:08:48.038  INFO 15040 --- [restartedMain] ationConfigEmbeddedWebApplicationContext : Refreshing org.springframework.boot.context.embedded.AnnotationConfigEmbeddedWebApplicationContext@57237c77: startup date [Fri Dec 08 17:08:48 CST 2017]; root of context hierarchy
2017-12-08 17:08:48.231  INFO 15040 --- [restartedMain] s.b.c.e.t.TomcatEmbeddedServletContainer : Tomcat initialized with port(s): 8080 (http)
2017-12-08 17:08:48.233  INFO 15040 --- [restartedMain] o.apache.catalina.core.StandardService   : Starting service [Tomcat]
2017-12-08 17:08:48.233  INFO 15040 --- [restartedMain] org.apache.catalina.core.StandardEngine  : Starting Servlet Engine: Apache Tomcat/8.5.23
2017-12-08 17:08:48.244  INFO 15040 --- [localhost-startStop-1] o.a.c.c.C.[Tomcat].[localhost].[/]       : Initializing Spring embedded WebApplicationContext
2017-12-08 17:08:48.244  INFO 15040 --- [localhost-startStop-1] o.s.web.context.ContextLoader            : Root WebApplicationContext: initialization completed in 206 ms
2017-12-08 17:08:48.265  INFO 15040 --- [localhost-startStop-1] o.s.b.w.servlet.FilterRegistrationBean   : Mapping filter: 'characterEncodingFilter' to: [/*]
2017-12-08 17:08:48.265  INFO 15040 --- [localhost-startStop-1] o.s.b.w.servlet.FilterRegistrationBean   : Mapping filter: 'hiddenHttpMethodFilter' to: [/*]
2017-12-08 17:08:48.265  INFO 15040 --- [localhost-startStop-1] o.s.b.w.servlet.FilterRegistrationBean   : Mapping filter: 'httpPutFormContentFilter' to: [/*]
2017-12-08 17:08:48.265  INFO 15040 --- [localhost-startStop-1] o.s.b.w.servlet.FilterRegistrationBean   : Mapping filter: 'requestContextFilter' to: [/*]
2017-12-08 17:08:48.265  INFO 15040 --- [localhost-startStop-1] o.s.b.w.servlet.FilterRegistrationBean   : Mapping filter: 'MyFilter' to urls: [/*]
2017-12-08 17:08:48.265  INFO 15040 --- [localhost-startStop-1] o.s.b.w.servlet.FilterRegistrationBean   : Mapping filter: 'remoteIpFilter' to: [/*]
2017-12-08 17:08:48.265  INFO 15040 --- [localhost-startStop-1] o.s.b.w.servlet.ServletRegistrationBean  : Mapping servlet: 'dispatcherServlet' to [/]
2017-12-08 17:08:48.313  INFO 15040 --- [restartedMain] s.w.s.m.m.a.RequestMappingHandlerAdapter : Looking for @ControllerAdvice: org.springframework.boot.context.embedded.AnnotationConfigEmbeddedWebApplicationContext@57237c77: startup date [Fri Dec 08 17:08:48 CST 2017]; root of context hierarchy
2017-12-08 17:08:48.316  INFO 15040 --- [restartedMain] s.w.s.m.m.a.RequestMappingHandlerMapping : Mapped "{[/hello]}" onto public java.lang.String com.honva.controller.HelloController.hello()
2017-12-08 17:08:48.316  INFO 15040 --- [restartedMain] s.w.s.m.m.a.RequestMappingHandlerMapping : Mapped "{[/getPerson]}" onto public com.honva.entity.Person com.honva.controller.HelloController.getPerson()
2017-12-08 17:08:48.318  INFO 15040 --- [restartedMain] s.w.s.m.m.a.RequestMappingHandlerMapping : Mapped "{[/error]}" onto public org.springframework.http.ResponseEntity<java.util.Map<java.lang.String, java.lang.Object>> org.springframework.boot.autoconfigure.web.BasicErrorController.error(javax.servlet.http.HttpServletRequest)
2017-12-08 17:08:48.318  INFO 15040 --- [restartedMain] s.w.s.m.m.a.RequestMappingHandlerMapping : Mapped "{[/error],produces=[text/html]}" onto public org.springframework.web.servlet.ModelAndView org.springframework.boot.autoconfigure.web.BasicErrorController.errorHtml(javax.servlet.http.HttpServletRequest,javax.servlet.http.HttpServletResponse)
2017-12-08 17:08:48.321  INFO 15040 --- [restartedMain] o.s.w.s.handler.SimpleUrlHandlerMapping  : Mapped URL path [/webjars/**] onto handler of type [class org.springframework.web.servlet.resource.ResourceHttpRequestHandler]
2017-12-08 17:08:48.322  INFO 15040 --- [restartedMain] o.s.w.s.handler.SimpleUrlHandlerMapping  : Mapped URL path [/**] onto handler of type [class org.springframework.web.servlet.resource.ResourceHttpRequestHandler]
2017-12-08 17:08:48.328  INFO 15040 --- [restartedMain] o.s.w.s.handler.SimpleUrlHandlerMapping  : Mapped URL path [/**/favicon.ico] onto handler of type [class org.springframework.web.servlet.resource.ResourceHttpRequestHandler]
2017-12-08 17:08:48.343  INFO 15040 --- [restartedMain] o.s.b.d.a.OptionalLiveReloadServer       : LiveReload server is running on port 35729
2017-12-08 17:08:48.365  INFO 15040 --- [restartedMain] o.s.j.e.a.AnnotationMBeanExporter        : Registering beans for JMX exposure on startup
2017-12-08 17:08:48.371  INFO 15040 --- [restartedMain] s.b.c.e.t.TomcatEmbeddedServletContainer : Tomcat started on port(s): 8080 (http)
2017-12-08 17:08:48.372  INFO 15040 --- [restartedMain] com.honva.Application                    : Started Application in 0.368 seconds (JVM running for 494.088)
2017-12-08 17:09:02.440  INFO 15040 --- [http-nio-8080-exec-1] o.a.c.c.C.[Tomcat].[localhost].[/]       : Initializing Spring FrameworkServlet 'dispatcherServlet'
2017-12-08 17:09:02.441  INFO 15040 --- [http-nio-8080-exec-1] o.s.web.servlet.DispatcherServlet        : FrameworkServlet 'dispatcherServlet': initialization started
2017-12-08 17:09:02.446  INFO 15040 --- [http-nio-8080-exec-1] o.s.web.servlet.DispatcherServlet        : FrameworkServlet 'dispatcherServlet': initialization completed in 5 ms
2017-12-08 17:15:41.785  INFO 15040 --- [Thread-22] ationConfigEmbeddedWebApplicationContext : Closing org.springframework.boot.context.embedded.AnnotationConfigEmbeddedWebApplicationContext@57237c77: startup date [Fri Dec 08 17:08:48 CST 2017]; root of context hierarchy
2017-12-08 17:15:41.786  INFO 15040 --- [Thread-22] o.s.j.e.a.AnnotationMBeanExporter        : Unregistering JMX-exposed beans on shutdown
