2017-12-08 17:15:42.108  INFO 15040 --- [restartedMain] com.honva.Application                    : Starting Application on LAPTOP-BRKMER7V with PID 15040 (E:\WorkPlace\SpringBoot\springboot\target\classes started by admin in E:\WorkPlace\SpringBoot\springboot)
2017-12-08 17:15:42.108  INFO 15040 --- [restartedMain] com.honva.Application                    : No active profile set, falling back to default profiles: default
2017-12-08 17:15:42.110  INFO 15040 --- [restartedMain] ationConfigEmbeddedWebApplicationContext : Refreshing org.springframework.boot.context.embedded.AnnotationConfigEmbeddedWebApplicationContext@24d9da76: startup date [Fri Dec 08 17:15:42 CST 2017]; root of context hierarchy
2017-12-08 17:15:42.308  INFO 15040 --- [restartedMain] s.b.c.e.t.TomcatEmbeddedServletContainer : Tomcat initialized with port(s): 8080 (http)
2017-12-08 17:15:42.310  INFO 15040 --- [restartedMain] o.apache.catalina.core.StandardService   : Starting service [Tomcat]
2017-12-08 17:15:42.310  INFO 15040 --- [restartedMain] org.apache.catalina.core.StandardEngine  : Starting Servlet Engine: Apache Tomcat/8.5.23
2017-12-08 17:15:42.322  INFO 15040 --- [localhost-startStop-1] o.a.c.c.C.[Tomcat].[localhost].[/]       : Initializing Spring embedded WebApplicationContext
2017-12-08 17:15:42.324  INFO 15040 --- [localhost-startStop-1] o.s.web.context.ContextLoader            : Root WebApplicationContext: initialization completed in 214 ms
2017-12-08 17:15:42.345  INFO 15040 --- [localhost-startStop-1] o.s.b.w.servlet.FilterRegistrationBean   : Mapping filter: 'characterEncodingFilter' to: [/*]
2017-12-08 17:15:42.345  INFO 15040 --- [localhost-startStop-1] o.s.b.w.servlet.FilterRegistrationBean   : Mapping filter: 'hiddenHttpMethodFilter' to: [/*]
2017-12-08 17:15:42.345  INFO 15040 --- [localhost-startStop-1] o.s.b.w.servlet.FilterRegistrationBean   : Mapping filter: 'httpPutFormContentFilter' to: [/*]
2017-12-08 17:15:42.345  INFO 15040 --- [localhost-startStop-1] o.s.b.w.servlet.FilterRegistrationBean   : Mapping filter: 'requestContextFilter' to: [/*]
2017-12-08 17:15:42.345  INFO 15040 --- [localhost-startStop-1] o.s.b.w.servlet.FilterRegistrationBean   : Mapping filter: 'MyFilter' to urls: [/*]
2017-12-08 17:15:42.345  INFO 15040 --- [localhost-startStop-1] o.s.b.w.servlet.FilterRegistrationBean   : Mapping filter: 'remoteIpFilter' to: [/*]
2017-12-08 17:15:42.345  INFO 15040 --- [localhost-startStop-1] o.s.b.w.servlet.ServletRegistrationBean  : Mapping servlet: 'dispatcherServlet' to [/]
2017-12-08 17:15:42.394  INFO 15040 --- [restartedMain] s.w.s.m.m.a.RequestMappingHandlerAdapter : Looking for @ControllerAdvice: org.springframework.boot.context.embedded.AnnotationConfigEmbeddedWebApplicationContext@24d9da76: startup date [Fri Dec 08 17:15:42 CST 2017]; root of context hierarchy
2017-12-08 17:15:42.396  INFO 15040 --- [restartedMain] s.w.s.m.m.a.RequestMappingHandlerMapping : Mapped "{[/hello]}" onto public java.lang.String com.honva.controller.HelloController.hello()
2017-12-08 17:15:42.397  INFO 15040 --- [restartedMain] s.w.s.m.m.a.RequestMappingHandlerMapping : Mapped "{[/getPerson]}" onto public com.honva.entity.Person com.honva.controller.HelloController.getPerson()
2017-12-08 17:15:42.398  INFO 15040 --- [restartedMain] s.w.s.m.m.a.RequestMappingHandlerMapping : Mapped "{[/error]}" onto public org.springframework.http.ResponseEntity<java.util.Map<java.lang.String, java.lang.Object>> org.springframework.boot.autoconfigure.web.BasicErrorController.error(javax.servlet.http.HttpServletRequest)
2017-12-08 17:15:42.398  INFO 15040 --- [restartedMain] s.w.s.m.m.a.RequestMappingHandlerMapping : Mapped "{[/error],produces=[text/html]}" onto public org.springframework.web.servlet.ModelAndView org.springframework.boot.autoconfigure.web.BasicErrorController.errorHtml(javax.servlet.http.HttpServletRequest,javax.servlet.http.HttpServletResponse)
2017-12-08 17:15:42.401  INFO 15040 --- [restartedMain] o.s.w.s.handler.SimpleUrlHandlerMapping  : Mapped URL path [/webjars/**] onto handler of type [class org.springframework.web.servlet.resource.ResourceHttpRequestHandler]
2017-12-08 17:15:42.401  INFO 15040 --- [restartedMain] o.s.w.s.handler.SimpleUrlHandlerMapping  : Mapped URL path [/**] onto handler of type [class org.springframework.web.servlet.resource.ResourceHttpRequestHandler]
2017-12-08 17:15:42.405  INFO 15040 --- [restartedMain] o.s.w.s.handler.SimpleUrlHandlerMapping  : Mapped URL path [/**/favicon.ico] onto handler of type [class org.springframework.web.servlet.resource.ResourceHttpRequestHandler]
2017-12-08 17:15:42.422  INFO 15040 --- [restartedMain] o.s.b.d.a.OptionalLiveReloadServer       : LiveReload server is running on port 35729
2017-12-08 17:15:42.441  INFO 15040 --- [restartedMain] o.s.j.e.a.AnnotationMBeanExporter        : Registering beans for JMX exposure on startup
2017-12-08 17:15:42.448  INFO 15040 --- [restartedMain] s.b.c.e.t.TomcatEmbeddedServletContainer : Tomcat started on port(s): 8080 (http)
2017-12-08 17:15:42.449  INFO 15040 --- [restartedMain] com.honva.Application                    : Started Application in 0.366 seconds (JVM running for 908.165)
2017-12-08 17:22:13.772  INFO 15040 --- [Thread-28] ationConfigEmbeddedWebApplicationContext : Closing org.springframework.boot.context.embedded.AnnotationConfigEmbeddedWebApplicationContext@24d9da76: startup date [Fri Dec 08 17:15:42 CST 2017]; root of context hierarchy
2017-12-08 17:22:13.773  INFO 15040 --- [Thread-28] o.s.j.e.a.AnnotationMBeanExporter        : Unregistering JMX-exposed beans on shutdown
